<?xml version="1.0" encoding="UTF-8"?>
<!-- Generated by org.testng.reporters.JUnitReportReporter -->
<testsuite hostname="LAPTOP-PE52CNM5" name="com.jenkinsCI.JenkinsInte" tests="1" failures="0" timestamp="12 Dec 2021 17:05:39 GMT" time="12.193" errors="0">
  <testcase name="exec" time="12.193" classname="com.jenkinsCI.JenkinsInte"/>
</testsuite> <!-- com.jenkinsCI.JenkinsInte -->
